2018-05-15 17:00:00.471 [main] INFO  c.a.dubbo.performance.demo.consumer.ConsumerApp - Starting ConsumerApp on DESKTOP-PCME68L with PID 5428 (D:\IDE\alimiddle\runinjvm_agent\bootstrap\mesh-consumer.jar started by 燃烧杯 in D:\IDE\alimiddle\runinjvm_agent\bootstrap)
2018-05-15 17:00:00.476 [main] INFO  c.a.dubbo.performance.demo.consumer.ConsumerApp - No active profile set, falling back to default profiles: default
2018-05-15 17:00:00.615 [main] INFO  o.s.b.c.e.AnnotationConfigEmbeddedWebApplicationContext - Refreshing org.springframework.boot.context.embedded.AnnotationConfigEmbeddedWebApplicationContext@5e91993f: startup date [Tue May 15 17:00:00 CST 2018]; root of context hierarchy
2018-05-15 17:00:01.009 [background-preinit] INFO  org.hibernate.validator.internal.util.Version - HV000001: Hibernate Validator 5.3.5.Final
2018-05-15 17:00:08.216 [main] INFO  org.xnio - XNIO version 3.3.8.Final
2018-05-15 17:00:08.307 [main] INFO  org.xnio.nio - XNIO NIO Implementation Version 3.3.8.Final
2018-05-15 17:00:08.539 [main] WARN  io.undertow.websockets.jsr - UT026009: XNIO worker was not set on WebSocketDeploymentInfo, the default worker will be used
2018-05-15 17:00:08.539 [main] WARN  io.undertow.websockets.jsr - UT026010: Buffer pool was not set on WebSocketDeploymentInfo, the default pool will be used
2018-05-15 17:00:08.621 [main] INFO  io.undertow.servlet - Initializing Spring embedded WebApplicationContext
2018-05-15 17:00:08.621 [main] INFO  org.springframework.web.context.ContextLoader - Root WebApplicationContext: initialization completed in 8013 ms
2018-05-15 17:00:09.026 [main] INFO  o.s.boot.web.servlet.ServletRegistrationBean - Mapping servlet: 'dispatcherServlet' to [/]
2018-05-15 17:00:09.035 [main] INFO  o.s.boot.web.servlet.FilterRegistrationBean - Mapping filter: 'characterEncodingFilter' to: [/*]
2018-05-15 17:00:09.037 [main] INFO  o.s.boot.web.servlet.FilterRegistrationBean - Mapping filter: 'hiddenHttpMethodFilter' to: [/*]
2018-05-15 17:00:09.037 [main] INFO  o.s.boot.web.servlet.FilterRegistrationBean - Mapping filter: 'httpPutFormContentFilter' to: [/*]
2018-05-15 17:00:09.037 [main] INFO  o.s.boot.web.servlet.FilterRegistrationBean - Mapping filter: 'requestContextFilter' to: [/*]
2018-05-15 17:00:10.002 [main] INFO  o.s.w.s.m.m.a.RequestMappingHandlerAdapter - Looking for @ControllerAdvice: org.springframework.boot.context.embedded.AnnotationConfigEmbeddedWebApplicationContext@5e91993f: startup date [Tue May 15 17:00:00 CST 2018]; root of context hierarchy
2018-05-15 17:00:10.156 [main] INFO  o.s.w.s.m.m.a.RequestMappingHandlerMapping - Mapped "{[/invoke]}" onto public org.springframework.http.ResponseEntity com.alibaba.dubbo.performance.demo.consumer.HelloController.invoke() throws java.lang.Exception
2018-05-15 17:00:10.161 [main] INFO  o.s.w.s.m.m.a.RequestMappingHandlerMapping - Mapped "{[/error]}" onto public org.springframework.http.ResponseEntity<java.util.Map<java.lang.String, java.lang.Object>> org.springframework.boot.autoconfigure.web.BasicErrorController.error(javax.servlet.http.HttpServletRequest)
2018-05-15 17:00:10.162 [main] INFO  o.s.w.s.m.m.a.RequestMappingHandlerMapping - Mapped "{[/error],produces=[text/html]}" onto public org.springframework.web.servlet.ModelAndView org.springframework.boot.autoconfigure.web.BasicErrorController.errorHtml(javax.servlet.http.HttpServletRequest,javax.servlet.http.HttpServletResponse)
2018-05-15 17:00:10.202 [main] INFO  o.s.web.servlet.handler.SimpleUrlHandlerMapping - Mapped URL path [/webjars/**] onto handler of type [class org.springframework.web.servlet.resource.ResourceHttpRequestHandler]
2018-05-15 17:00:10.202 [main] INFO  o.s.web.servlet.handler.SimpleUrlHandlerMapping - Mapped URL path [/**] onto handler of type [class org.springframework.web.servlet.resource.ResourceHttpRequestHandler]
2018-05-15 17:00:10.256 [main] INFO  o.s.web.servlet.handler.SimpleUrlHandlerMapping - Mapped URL path [/**/favicon.ico] onto handler of type [class org.springframework.web.servlet.resource.ResourceHttpRequestHandler]
2018-05-15 17:00:10.530 [main] INFO  o.s.jmx.export.annotation.AnnotationMBeanExporter - Registering beans for JMX exposure on startup
2018-05-15 17:00:10.622 [main] INFO  o.s.b.c.e.u.UndertowEmbeddedServletContainer - Undertow started on port(s) 8087 (http)
2018-05-15 17:00:10.632 [main] INFO  c.a.dubbo.performance.demo.consumer.ConsumerApp - Started ConsumerApp in 11.158 seconds (JVM running for 12.405)
2018-05-15 17:28:48.173 [XNIO-2 task-1] INFO  io.undertow.servlet - Initializing Spring FrameworkServlet 'dispatcherServlet'
2018-05-15 17:28:48.173 [XNIO-2 task-1] INFO  org.springframework.web.servlet.DispatcherServlet - FrameworkServlet 'dispatcherServlet': initialization started
2018-05-15 17:28:48.189 [XNIO-2 task-1] INFO  org.springframework.web.servlet.DispatcherServlet - FrameworkServlet 'dispatcherServlet': initialization completed in 16 ms
2018-05-15 19:51:12.172 [XNIO-2 task-71] ERROR io.undertow.request - UT005022: Exception generating error page /error
java.io.IOException: 远程主机强迫关闭了一个现有的连接。
	at sun.nio.ch.SocketDispatcher.writev0(Native Method)
	at sun.nio.ch.SocketDispatcher.writev(Unknown Source)
	at sun.nio.ch.IOUtil.write(Unknown Source)
	at sun.nio.ch.SocketChannelImpl.write(Unknown Source)
	at org.xnio.nio.NioSocketConduit.write(NioSocketConduit.java:184)
	at io.undertow.server.protocol.http.HttpResponseConduit.processWrite(HttpResponseConduit.java:258)
	at io.undertow.server.protocol.http.HttpResponseConduit.write(HttpResponseConduit.java:632)
	at io.undertow.conduits.ChunkedStreamSinkConduit.doWrite(ChunkedStreamSinkConduit.java:163)
	at io.undertow.conduits.ChunkedStreamSinkConduit.write(ChunkedStreamSinkConduit.java:127)
	at org.xnio.conduits.ConduitStreamSinkChannel.write(ConduitStreamSinkChannel.java:150)
	at io.undertow.channels.DetachableStreamSinkChannel.write(DetachableStreamSinkChannel.java:240)
	at io.undertow.server.HttpServerExchange$WriteDispatchChannel.write(HttpServerExchange.java:2074)
	at io.undertow.servlet.spec.ServletOutputStreamImpl.writeBufferBlocking(ServletOutputStreamImpl.java:573)
	at io.undertow.servlet.spec.ServletOutputStreamImpl.flushInternal(ServletOutputStreamImpl.java:488)
	at io.undertow.servlet.spec.ServletOutputStreamImpl.flush(ServletOutputStreamImpl.java:475)
	at com.fasterxml.jackson.core.json.UTF8JsonGenerator.flush(UTF8JsonGenerator.java:1054)
	at com.fasterxml.jackson.databind.ObjectWriter.writeValue(ObjectWriter.java:953)
	at org.springframework.http.converter.json.AbstractJackson2HttpMessageConverter.writeInternal(AbstractJackson2HttpMessageConverter.java:286)
	at org.springframework.http.converter.AbstractGenericHttpMessageConverter.write(AbstractGenericHttpMessageConverter.java:106)
	at org.springframework.web.servlet.mvc.method.annotation.AbstractMessageConverterMethodProcessor.writeWithMessageConverters(AbstractMessageConverterMethodProcessor.java:231)
	at org.springframework.web.servlet.mvc.method.annotation.HttpEntityMethodProcessor.handleReturnValue(HttpEntityMethodProcessor.java:203)
	at org.springframework.web.method.support.HandlerMethodReturnValueHandlerComposite.handleReturnValue(HandlerMethodReturnValueHandlerComposite.java:81)
	at org.springframework.web.servlet.mvc.method.annotation.ServletInvocableHandlerMethod.invokeAndHandle(ServletInvocableHandlerMethod.java:113)
	at org.springframework.web.servlet.mvc.method.annotation.RequestMappingHandlerAdapter.invokeHandlerMethod(RequestMappingHandlerAdapter.java:827)
	at org.springframework.web.servlet.mvc.method.annotation.RequestMappingHandlerAdapter.handleInternal(RequestMappingHandlerAdapter.java:738)
	at org.springframework.web.servlet.mvc.method.AbstractHandlerMethodAdapter.handle(AbstractHandlerMethodAdapter.java:85)
	at org.springframework.web.servlet.DispatcherServlet.doDispatch(DispatcherServlet.java:967)
	at org.springframework.web.servlet.DispatcherServlet.doService(DispatcherServlet.java:901)
	at org.springframework.web.servlet.FrameworkServlet.processRequest(FrameworkServlet.java:970)
	at org.springframework.web.servlet.FrameworkServlet.doGet(FrameworkServlet.java:861)
	at javax.servlet.http.HttpServlet.service(HttpServlet.java:687)
	at org.springframework.web.servlet.FrameworkServlet.service(FrameworkServlet.java:846)
	at javax.servlet.http.HttpServlet.service(HttpServlet.java:790)
	at io.undertow.servlet.handlers.ServletHandler.handleRequest(ServletHandler.java:85)
	at io.undertow.servlet.handlers.FilterHandler.handleRequest(FilterHandler.java:81)
	at io.undertow.servlet.handlers.security.ServletSecurityRoleHandler.handleRequest(ServletSecurityRoleHandler.java:62)
	at io.undertow.servlet.handlers.ServletChain$1.handleRequest(ServletChain.java:64)
	at io.undertow.servlet.handlers.ServletDispatchingHandler.handleRequest(ServletDispatchingHandler.java:36)
	at io.undertow.server.handlers.PredicateHandler.handleRequest(PredicateHandler.java:43)
	at io.undertow.server.handlers.PredicateHandler.handleRequest(PredicateHandler.java:43)
	at io.undertow.servlet.handlers.ServletInitialHandler.dispatchRequest(ServletInitialHandler.java:274)
	at io.undertow.servlet.handlers.ServletInitialHandler.dispatchToPath(ServletInitialHandler.java:209)
	at io.undertow.servlet.spec.RequestDispatcherImpl.error(RequestDispatcherImpl.java:479)
	at io.undertow.servlet.spec.RequestDispatcherImpl.error(RequestDispatcherImpl.java:412)
	at io.undertow.servlet.handlers.ServletInitialHandler.handleFirstRequest(ServletInitialHandler.java:319)
	at io.undertow.servlet.handlers.ServletInitialHandler.access$100(ServletInitialHandler.java:81)
	at io.undertow.servlet.handlers.ServletInitialHandler$2.call(ServletInitialHandler.java:138)
	at io.undertow.servlet.handlers.ServletInitialHandler$2.call(ServletInitialHandler.java:135)
	at io.undertow.servlet.core.ServletRequestContextThreadSetupAction$1.call(ServletRequestContextThreadSetupAction.java:48)
	at io.undertow.servlet.core.ContextClassLoaderSetupAction$1.call(ContextClassLoaderSetupAction.java:43)
	at io.undertow.servlet.handlers.ServletInitialHandler.dispatchRequest(ServletInitialHandler.java:272)
	at io.undertow.servlet.handlers.ServletInitialHandler.access$000(ServletInitialHandler.java:81)
	at io.undertow.servlet.handlers.ServletInitialHandler$1.handleRequest(ServletInitialHandler.java:104)
	at io.undertow.server.Connectors.executeRootHandler(Connectors.java:332)
	at io.undertow.server.HttpServerExchange$1.run(HttpServerExchange.java:812)
	at java.util.concurrent.ThreadPoolExecutor.runWorker(Unknown Source)
	at java.util.concurrent.ThreadPoolExecutor$Worker.run(Unknown Source)
	at java.lang.Thread.run(Unknown Source)
2018-05-16 01:34:29.704 [main] INFO  c.a.dubbo.performance.demo.consumer.ConsumerApp - Starting ConsumerApp on DESKTOP-PCME68L with PID 464 (D:\IDE\alimiddle\runinjvm_agent\bootstrap\mesh-consumer.jar started by 燃烧杯 in D:\IDE\alimiddle\runinjvm_agent\bootstrap)
2018-05-16 01:34:29.708 [main] INFO  c.a.dubbo.performance.demo.consumer.ConsumerApp - No active profile set, falling back to default profiles: default
2018-05-16 01:34:29.882 [main] INFO  o.s.b.c.e.AnnotationConfigEmbeddedWebApplicationContext - Refreshing org.springframework.boot.context.embedded.AnnotationConfigEmbeddedWebApplicationContext@5e91993f: startup date [Wed May 16 01:34:29 CST 2018]; root of context hierarchy
2018-05-16 01:34:30.043 [background-preinit] INFO  org.hibernate.validator.internal.util.Version - HV000001: Hibernate Validator 5.3.5.Final
2018-05-16 01:34:33.954 [main] INFO  org.xnio - XNIO version 3.3.8.Final
2018-05-16 01:34:33.996 [main] INFO  org.xnio.nio - XNIO NIO Implementation Version 3.3.8.Final
2018-05-16 01:34:34.199 [main] WARN  io.undertow.websockets.jsr - UT026009: XNIO worker was not set on WebSocketDeploymentInfo, the default worker will be used
2018-05-16 01:34:34.200 [main] WARN  io.undertow.websockets.jsr - UT026010: Buffer pool was not set on WebSocketDeploymentInfo, the default pool will be used
2018-05-16 01:34:34.244 [main] INFO  io.undertow.servlet - Initializing Spring embedded WebApplicationContext
2018-05-16 01:34:34.244 [main] INFO  org.springframework.web.context.ContextLoader - Root WebApplicationContext: initialization completed in 4366 ms
2018-05-16 01:34:34.414 [main] INFO  o.s.boot.web.servlet.ServletRegistrationBean - Mapping servlet: 'dispatcherServlet' to [/]
2018-05-16 01:34:34.429 [main] INFO  o.s.boot.web.servlet.FilterRegistrationBean - Mapping filter: 'characterEncodingFilter' to: [/*]
2018-05-16 01:34:34.432 [main] INFO  o.s.boot.web.servlet.FilterRegistrationBean - Mapping filter: 'hiddenHttpMethodFilter' to: [/*]
2018-05-16 01:34:34.432 [main] INFO  o.s.boot.web.servlet.FilterRegistrationBean - Mapping filter: 'httpPutFormContentFilter' to: [/*]
2018-05-16 01:34:34.433 [main] INFO  o.s.boot.web.servlet.FilterRegistrationBean - Mapping filter: 'requestContextFilter' to: [/*]
2018-05-16 01:34:35.381 [main] INFO  o.s.w.s.m.m.a.RequestMappingHandlerAdapter - Looking for @ControllerAdvice: org.springframework.boot.context.embedded.AnnotationConfigEmbeddedWebApplicationContext@5e91993f: startup date [Wed May 16 01:34:29 CST 2018]; root of context hierarchy
2018-05-16 01:34:35.483 [main] INFO  o.s.w.s.m.m.a.RequestMappingHandlerMapping - Mapped "{[/invoke]}" onto public org.springframework.http.ResponseEntity com.alibaba.dubbo.performance.demo.consumer.HelloController.invoke() throws java.lang.Exception
2018-05-16 01:34:35.487 [main] INFO  o.s.w.s.m.m.a.RequestMappingHandlerMapping - Mapped "{[/error]}" onto public org.springframework.http.ResponseEntity<java.util.Map<java.lang.String, java.lang.Object>> org.springframework.boot.autoconfigure.web.BasicErrorController.error(javax.servlet.http.HttpServletRequest)
2018-05-16 01:34:35.488 [main] INFO  o.s.w.s.m.m.a.RequestMappingHandlerMapping - Mapped "{[/error],produces=[text/html]}" onto public org.springframework.web.servlet.ModelAndView org.springframework.boot.autoconfigure.web.BasicErrorController.errorHtml(javax.servlet.http.HttpServletRequest,javax.servlet.http.HttpServletResponse)
2018-05-16 01:34:35.517 [main] INFO  o.s.web.servlet.handler.SimpleUrlHandlerMapping - Mapped URL path [/webjars/**] onto handler of type [class org.springframework.web.servlet.resource.ResourceHttpRequestHandler]
2018-05-16 01:34:35.517 [main] INFO  o.s.web.servlet.handler.SimpleUrlHandlerMapping - Mapped URL path [/**] onto handler of type [class org.springframework.web.servlet.resource.ResourceHttpRequestHandler]
2018-05-16 01:34:35.551 [main] INFO  o.s.web.servlet.handler.SimpleUrlHandlerMapping - Mapped URL path [/**/favicon.ico] onto handler of type [class org.springframework.web.servlet.resource.ResourceHttpRequestHandler]
2018-05-16 01:34:35.721 [main] INFO  o.s.jmx.export.annotation.AnnotationMBeanExporter - Registering beans for JMX exposure on startup
2018-05-16 01:34:35.792 [main] INFO  o.s.b.c.e.u.UndertowEmbeddedServletContainer - Undertow started on port(s) 8087 (http)
2018-05-16 01:34:35.798 [main] INFO  c.a.dubbo.performance.demo.consumer.ConsumerApp - Started ConsumerApp in 6.997 seconds (JVM running for 8.605)
2018-05-16 01:37:50.929 [XNIO-2 task-1] INFO  io.undertow.servlet - Initializing Spring FrameworkServlet 'dispatcherServlet'
2018-05-16 01:37:50.930 [XNIO-2 task-1] INFO  org.springframework.web.servlet.DispatcherServlet - FrameworkServlet 'dispatcherServlet': initialization started
2018-05-16 01:37:50.944 [XNIO-2 task-1] INFO  org.springframework.web.servlet.DispatcherServlet - FrameworkServlet 'dispatcherServlet': initialization completed in 14 ms
2018-05-16 12:31:34.880 [main] INFO  c.a.dubbo.performance.demo.consumer.ConsumerApp - Starting ConsumerApp on DESKTOP-PCME68L with PID 9912 (D:\IDE\alimiddle\runinjvm_agent\bootstrap\mesh-consumer.jar started by 燃烧杯 in D:\IDE\alimiddle\runinjvm_agent\bootstrap)
2018-05-16 12:31:34.883 [main] INFO  c.a.dubbo.performance.demo.consumer.ConsumerApp - No active profile set, falling back to default profiles: default
2018-05-16 12:31:35.179 [main] INFO  o.s.b.c.e.AnnotationConfigEmbeddedWebApplicationContext - Refreshing org.springframework.boot.context.embedded.AnnotationConfigEmbeddedWebApplicationContext@5e91993f: startup date [Wed May 16 12:31:35 CST 2018]; root of context hierarchy
2018-05-16 12:31:35.662 [background-preinit] INFO  org.hibernate.validator.internal.util.Version - HV000001: Hibernate Validator 5.3.5.Final
2018-05-16 12:31:39.412 [main] INFO  org.xnio - XNIO version 3.3.8.Final
2018-05-16 12:31:39.466 [main] INFO  org.xnio.nio - XNIO NIO Implementation Version 3.3.8.Final
2018-05-16 12:31:39.620 [main] WARN  io.undertow.websockets.jsr - UT026009: XNIO worker was not set on WebSocketDeploymentInfo, the default worker will be used
2018-05-16 12:31:39.621 [main] WARN  io.undertow.websockets.jsr - UT026010: Buffer pool was not set on WebSocketDeploymentInfo, the default pool will be used
2018-05-16 12:31:39.675 [main] INFO  io.undertow.servlet - Initializing Spring embedded WebApplicationContext
2018-05-16 12:31:39.675 [main] INFO  org.springframework.web.context.ContextLoader - Root WebApplicationContext: initialization completed in 4547 ms
2018-05-16 12:31:39.965 [main] INFO  o.s.boot.web.servlet.ServletRegistrationBean - Mapping servlet: 'dispatcherServlet' to [/]
2018-05-16 12:31:39.972 [main] INFO  o.s.boot.web.servlet.FilterRegistrationBean - Mapping filter: 'characterEncodingFilter' to: [/*]
2018-05-16 12:31:39.974 [main] INFO  o.s.boot.web.servlet.FilterRegistrationBean - Mapping filter: 'hiddenHttpMethodFilter' to: [/*]
2018-05-16 12:31:39.975 [main] INFO  o.s.boot.web.servlet.FilterRegistrationBean - Mapping filter: 'httpPutFormContentFilter' to: [/*]
2018-05-16 12:31:39.975 [main] INFO  o.s.boot.web.servlet.FilterRegistrationBean - Mapping filter: 'requestContextFilter' to: [/*]
2018-05-16 12:31:40.657 [main] INFO  o.s.w.s.m.m.a.RequestMappingHandlerAdapter - Looking for @ControllerAdvice: org.springframework.boot.context.embedded.AnnotationConfigEmbeddedWebApplicationContext@5e91993f: startup date [Wed May 16 12:31:35 CST 2018]; root of context hierarchy
2018-05-16 12:31:40.745 [main] INFO  o.s.w.s.m.m.a.RequestMappingHandlerMapping - Mapped "{[/invoke]}" onto public org.springframework.http.ResponseEntity com.alibaba.dubbo.performance.demo.consumer.HelloController.invoke() throws java.lang.Exception
2018-05-16 12:31:40.750 [main] INFO  o.s.w.s.m.m.a.RequestMappingHandlerMapping - Mapped "{[/error]}" onto public org.springframework.http.ResponseEntity<java.util.Map<java.lang.String, java.lang.Object>> org.springframework.boot.autoconfigure.web.BasicErrorController.error(javax.servlet.http.HttpServletRequest)
2018-05-16 12:31:40.750 [main] INFO  o.s.w.s.m.m.a.RequestMappingHandlerMapping - Mapped "{[/error],produces=[text/html]}" onto public org.springframework.web.servlet.ModelAndView org.springframework.boot.autoconfigure.web.BasicErrorController.errorHtml(javax.servlet.http.HttpServletRequest,javax.servlet.http.HttpServletResponse)
2018-05-16 12:31:40.780 [main] INFO  o.s.web.servlet.handler.SimpleUrlHandlerMapping - Mapped URL path [/webjars/**] onto handler of type [class org.springframework.web.servlet.resource.ResourceHttpRequestHandler]
2018-05-16 12:31:40.781 [main] INFO  o.s.web.servlet.handler.SimpleUrlHandlerMapping - Mapped URL path [/**] onto handler of type [class org.springframework.web.servlet.resource.ResourceHttpRequestHandler]
2018-05-16 12:31:40.818 [main] INFO  o.s.web.servlet.handler.SimpleUrlHandlerMapping - Mapped URL path [/**/favicon.ico] onto handler of type [class org.springframework.web.servlet.resource.ResourceHttpRequestHandler]
2018-05-16 12:31:40.999 [main] INFO  o.s.jmx.export.annotation.AnnotationMBeanExporter - Registering beans for JMX exposure on startup
2018-05-16 12:31:41.069 [main] INFO  o.s.b.c.e.u.UndertowEmbeddedServletContainer - Undertow started on port(s) 8087 (http)
2018-05-16 12:31:41.074 [main] INFO  c.a.dubbo.performance.demo.consumer.ConsumerApp - Started ConsumerApp in 7.178 seconds (JVM running for 9.263)
2018-05-16 12:32:54.548 [XNIO-2 task-1] INFO  io.undertow.servlet - Initializing Spring FrameworkServlet 'dispatcherServlet'
2018-05-16 12:32:54.548 [XNIO-2 task-1] INFO  org.springframework.web.servlet.DispatcherServlet - FrameworkServlet 'dispatcherServlet': initialization started
2018-05-16 12:32:54.562 [XNIO-2 task-1] INFO  org.springframework.web.servlet.DispatcherServlet - FrameworkServlet 'dispatcherServlet': initialization completed in 14 ms
